[09-Feb-2021 02:27:23 UTC] PHP Warning:  An unexpected error occurred. Something may be wrong with WordPress.org or this server&#8217;s configuration. If you continue to have problems, please try the <a href="https://wordpress.org/support/forums/">support forums</a>. (WordPress could not establish a secure connection to WordPress.org. Please contact your server administrator.) in /Users/naasirbush/Local Sites/fictional-university/app/public/wp-includes/update.php on line 173
[09-Feb-2021 02:27:23 UTC] PHP Stack trace:
[09-Feb-2021 02:27:23 UTC] PHP   1. {main}() /Users/naasirbush/Local Sites/fictional-university/app/public/wp-cron.php:0
[09-Feb-2021 02:27:23 UTC] PHP   2. do_action_ref_array() /Users/naasirbush/Local Sites/fictional-university/app/public/wp-cron.php:138
[09-Feb-2021 02:27:23 UTC] PHP   3. WP_Hook->do_action() /Users/naasirbush/Local Sites/fictional-university/app/public/wp-includes/plugin.php:551
[09-Feb-2021 02:27:23 UTC] PHP   4. WP_Hook->apply_filters() /Users/naasirbush/Local Sites/fictional-university/app/public/wp-includes/class-wp-hook.php:311
[09-Feb-2021 02:27:23 UTC] PHP   5. wp_version_check() /Users/naasirbush/Local Sites/fictional-university/app/public/wp-includes/class-wp-hook.php:287
[09-Feb-2021 02:27:23 UTC] PHP   6. trigger_error() /Users/naasirbush/Local Sites/fictional-university/app/public/wp-includes/update.php:173
[09-Feb-2021 02:27:23 UTC] PHP Warning:  An unexpected error occurred. Something may be wrong with WordPress.org or this server&#8217;s configuration. If you continue to have problems, please try the <a href="https://wordpress.org/support/forums/">support forums</a>. (WordPress could not establish a secure connection to WordPress.org. Please contact your server administrator.) in /Users/naasirbush/Local Sites/fictional-university/app/public/wp-includes/update.php on line 408
[09-Feb-2021 02:27:23 UTC] PHP Stack trace:
[09-Feb-2021 02:27:23 UTC] PHP   1. {main}() /Users/naasirbush/Local Sites/fictional-university/app/public/wp-cron.php:0
[09-Feb-2021 02:27:23 UTC] PHP   2. do_action_ref_array() /Users/naasirbush/Local Sites/fictional-university/app/public/wp-cron.php:138
[09-Feb-2021 02:27:23 UTC] PHP   3. WP_Hook->do_action() /Users/naasirbush/Local Sites/fictional-university/app/public/wp-includes/plugin.php:551
[09-Feb-2021 02:27:23 UTC] PHP   4. WP_Hook->apply_filters() /Users/naasirbush/Local Sites/fictional-university/app/public/wp-includes/class-wp-hook.php:311
[09-Feb-2021 02:27:23 UTC] PHP   5. wp_update_plugins() /Users/naasirbush/Local Sites/fictional-university/app/public/wp-includes/class-wp-hook.php:287
[09-Feb-2021 02:27:23 UTC] PHP   6. trigger_error() /Users/naasirbush/Local Sites/fictional-university/app/public/wp-includes/update.php:408
[09-Feb-2021 02:27:23 UTC] PHP Warning:  An unexpected error occurred. Something may be wrong with WordPress.org or this server&#8217;s configuration. If you continue to have problems, please try the <a href="https://wordpress.org/support/forums/">support forums</a>. (WordPress could not establish a secure connection to WordPress.org. Please contact your server administrator.) in /Users/naasirbush/Local Sites/fictional-university/app/public/wp-includes/update.php on line 612
[09-Feb-2021 02:27:23 UTC] PHP Stack trace:
[09-Feb-2021 02:27:23 UTC] PHP   1. {main}() /Users/naasirbush/Local Sites/fictional-university/app/public/wp-cron.php:0
[09-Feb-2021 02:27:23 UTC] PHP   2. do_action_ref_array() /Users/naasirbush/Local Sites/fictional-university/app/public/wp-cron.php:138
[09-Feb-2021 02:27:23 UTC] PHP   3. WP_Hook->do_action() /Users/naasirbush/Local Sites/fictional-university/app/public/wp-includes/plugin.php:551
[09-Feb-2021 02:27:23 UTC] PHP   4. WP_Hook->apply_filters() /Users/naasirbush/Local Sites/fictional-university/app/public/wp-includes/class-wp-hook.php:311
[09-Feb-2021 02:27:23 UTC] PHP   5. wp_update_themes() /Users/naasirbush/Local Sites/fictional-university/app/public/wp-includes/class-wp-hook.php:287
[09-Feb-2021 02:27:23 UTC] PHP   6. trigger_error() /Users/naasirbush/Local Sites/fictional-university/app/public/wp-includes/update.php:612
[11-Feb-2021 05:18:09 UTC] PHP Warning:  Use of undefined constant Brad - assumed 'Brad' (this will throw an Error in a future version of PHP) in /Users/naasirbush/Local Sites/fictional-university/app/public/experiment.php on line 2
[11-Feb-2021 05:18:09 UTC] PHP Stack trace:
[11-Feb-2021 05:18:09 UTC] PHP   1. {main}() /Users/naasirbush/Local Sites/fictional-university/app/public/experiment.php:0
[11-Feb-2021 05:18:27 UTC] PHP Warning:  Use of undefined constant Brad - assumed 'Brad' (this will throw an Error in a future version of PHP) in /Users/naasirbush/Local Sites/fictional-university/app/public/experiment.php on line 2
[11-Feb-2021 05:18:27 UTC] PHP Stack trace:
[11-Feb-2021 05:18:27 UTC] PHP   1. {main}() /Users/naasirbush/Local Sites/fictional-university/app/public/experiment.php:0
[11-Feb-2021 05:18:54 UTC] PHP Warning:  Use of undefined constant Brad - assumed 'Brad' (this will throw an Error in a future version of PHP) in /Users/naasirbush/Local Sites/fictional-university/app/public/experiment.php on line 2
[11-Feb-2021 05:18:54 UTC] PHP Stack trace:
[11-Feb-2021 05:18:54 UTC] PHP   1. {main}() /Users/naasirbush/Local Sites/fictional-university/app/public/experiment.php:0
[11-Feb-2021 05:19:30 UTC] PHP Warning:  Use of undefined constant Brad - assumed 'Brad' (this will throw an Error in a future version of PHP) in /Users/naasirbush/Local Sites/fictional-university/app/public/experiment.php on line 2
[11-Feb-2021 05:19:30 UTC] PHP Stack trace:
[11-Feb-2021 05:19:30 UTC] PHP   1. {main}() /Users/naasirbush/Local Sites/fictional-university/app/public/experiment.php:0
